c:\users\jfcar\documents\ulsa-platform2d-2020\winbuild\build\obj\plataforma2d2020\x64\release\plataforma2d2020.pch
c:\users\jfcar\documents\ulsa-platform2d-2020\winbuild\build\obj\plataforma2d2020\x64\release\vc142.pdb
c:\users\jfcar\documents\ulsa-platform2d-2020\winbuild\build\obj\plataforma2d2020\x64\release\pch.obj
c:\users\jfcar\documents\ulsa-platform2d-2020\winbuild\build\obj\plataforma2d2020\x64\release\main.obj
c:\users\jfcar\documents\ulsa-platform2d-2020\winbuild\build\obj\plataforma2d2020\x64\release\app.obj
c:\users\jfcar\documents\ulsa-platform2d-2020\winbuild\build\obj\plataforma2d2020\x64\release\unitygenerated.obj
c:\users\jfcar\documents\ulsa-platform2d-2020\winbuild\build\bin\x64\release\plataforma2d2020.exe
c:\users\jfcar\documents\ulsa-platform2d-2020\winbuild\build\bin\x64\release\plataforma2d2020.winmd
c:\users\jfcar\documents\ulsa-platform2d-2020\winbuild\build\bin\x64\release\plataforma2d2020.pdb
c:\users\jfcar\documents\ulsa-platform2d-2020\winbuild\build\bin\x64\release\unityplayer.winmd
c:\users\jfcar\documents\ulsa-platform2d-2020\winbuild\build\bin\x64\release\unityplayer.dll
c:\users\jfcar\documents\ulsa-platform2d-2020\winbuild\build\bin\x64\release\unityplayer_uap_x64_release_il2cpp.pdb
c:\users\jfcar\documents\ulsa-platform2d-2020\winbuild\build\bin\x64\release\plataforma2d2020.ipdb
c:\users\jfcar\documents\ulsa-platform2d-2020\winbuild\build\bin\x64\release\plataforma2d2020.iobj
c:\users\jfcar\documents\ulsa-platform2d-2020\winbuild\build\obj\plataforma2d2020\x64\release\plataforma2d2020.vcxprojassemblyreference.cache
c:\users\jfcar\documents\ulsa-platform2d-2020\winbuild\build\obj\plataforma2d2020\x64\release\plataforma2d2020.tlog\cl.command.1.tlog
c:\users\jfcar\documents\ulsa-platform2d-2020\winbuild\build\obj\plataforma2d2020\x64\release\plataforma2d2020.tlog\cl.read.1.tlog
c:\users\jfcar\documents\ulsa-platform2d-2020\winbuild\build\obj\plataforma2d2020\x64\release\plataforma2d2020.tlog\cl.write.1.tlog
c:\users\jfcar\documents\ulsa-platform2d-2020\winbuild\build\obj\plataforma2d2020\x64\release\plataforma2d2020.tlog\link.command.1.tlog
c:\users\jfcar\documents\ulsa-platform2d-2020\winbuild\build\obj\plataforma2d2020\x64\release\plataforma2d2020.tlog\link.read.1.tlog
c:\users\jfcar\documents\ulsa-platform2d-2020\winbuild\build\obj\plataforma2d2020\x64\release\plataforma2d2020.tlog\link.write.1.tlog
c:\users\jfcar\documents\ulsa-platform2d-2020\winbuild\build\obj\plataforma2d2020\x64\release\plataforma2d2020.tlog\plataforma2d2020.write.1u.tlog
